<?xml version="1.0" encoding="UTF-8"?>
<testsuite xmlns:xsi="http://www.w3.org/2001/XMLSchema-instance" xsi:noNamespaceSchemaLocation="https://maven.apache.org/surefire/maven-surefire-plugin/xsd/surefire-test-report-3.0.xsd" version="3.0" name="top.soft.bookonline.dao.UserDaoTest" time="0.012" tests="1" errors="0" skipped="0" failures="0">
  <properties>
    <property name="java.specification.version" value="17"/>
    <property name="sun.cpu.isalist" value="amd64"/>
    <property name="sun.jnu.encoding" value="GBK"/>
    <property name="java.class.path" value="E:\Farm_Java\javaweb_learning\book-online\target\test-classes;E:\Farm_Java\javaweb_learning\book-online\target\classes;E:\Maven-Jar\3.9.9\com\alibaba\druid\1.2.8\druid-1.2.8.jar;E:\Maven-Jar\3.9.9\javax\annotation\javax.annotation-api\1.3.2\javax.annotation-api-1.3.2.jar;E:\Maven-Jar\3.9.9\org\springframework\spring-jdbc\5.3.15\spring-jdbc-5.3.15.jar;E:\Maven-Jar\3.9.9\org\springframework\spring-beans\5.3.15\spring-beans-5.3.15.jar;E:\Maven-Jar\3.9.9\org\springframework\spring-core\5.3.15\spring-core-5.3.15.jar;E:\Maven-Jar\3.9.9\org\springframework\spring-jcl\5.3.15\spring-jcl-5.3.15.jar;E:\Maven-Jar\3.9.9\org\springframework\spring-tx\5.3.15\spring-tx-5.3.15.jar;E:\Maven-Jar\3.9.9\mysql\mysql-connector-java\8.0.28\mysql-connector-java-8.0.28.jar;E:\Maven-Jar\3.9.9\com\google\protobuf\protobuf-java\3.11.4\protobuf-java-3.11.4.jar;E:\Maven-Jar\3.9.9\org\projectlombok\lombok\1.18.26\lombok-1.18.26.jar;E:\Maven-Jar\3.9.9\jakarta\servlet\jakarta.servlet-api\6.1.0\jakarta.servlet-api-6.1.0.jar;E:\Maven-Jar\3.9.9\org\junit\jupiter\junit-jupiter-api\5.11.0-M2\junit-jupiter-api-5.11.0-M2.jar;E:\Maven-Jar\3.9.9\org\opentest4j\opentest4j\1.3.0\opentest4j-1.3.0.jar;E:\Maven-Jar\3.9.9\org\junit\platform\junit-platform-commons\1.11.0-M2\junit-platform-commons-1.11.0-M2.jar;E:\Maven-Jar\3.9.9\org\apiguardian\apiguardian-api\1.1.2\apiguardian-api-1.1.2.jar;E:\Maven-Jar\3.9.9\org\junit\jupiter\junit-jupiter-engine\5.11.0-M2\junit-jupiter-engine-5.11.0-M2.jar;E:\Maven-Jar\3.9.9\org\junit\platform\junit-platform-engine\1.11.0-M2\junit-platform-engine-1.11.0-M2.jar;"/>
    <property name="java.vm.vendor" value="Oracle Corporation"/>
    <property name="sun.arch.data.model" value="64"/>
    <property name="user.variant" value=""/>
    <property name="java.vendor.url" value="https://java.oracle.com/"/>
    <property name="user.timezone" value="Asia/Shanghai"/>
    <property name="os.name" value="Windows 11"/>
    <property name="java.vm.specification.version" value="17"/>
    <property name="sun.java.launcher" value="SUN_STANDARD"/>
    <property name="user.country" value="CN"/>
    <property name="sun.boot.library.path" value="D:\JDK\jdk-17\bin"/>
    <property name="sun.java.command" value="C:\Users\Hazel\AppData\Local\Temp\surefire5307744556071409830\surefirebooter-20241101203541737_3.jar C:\Users\Hazel\AppData\Local\Temp\surefire5307744556071409830 2024-11-01T20-35-41_630-jvmRun1 surefire-20241101203541737_1tmp surefire_0-20241101203541737_2tmp"/>
    <property name="jdk.debug" value="release"/>
    <property name="surefire.test.class.path" value="E:\Farm_Java\javaweb_learning\book-online\target\test-classes;E:\Farm_Java\javaweb_learning\book-online\target\classes;E:\Maven-Jar\3.9.9\com\alibaba\druid\1.2.8\druid-1.2.8.jar;E:\Maven-Jar\3.9.9\javax\annotation\javax.annotation-api\1.3.2\javax.annotation-api-1.3.2.jar;E:\Maven-Jar\3.9.9\org\springframework\spring-jdbc\5.3.15\spring-jdbc-5.3.15.jar;E:\Maven-Jar\3.9.9\org\springframework\spring-beans\5.3.15\spring-beans-5.3.15.jar;E:\Maven-Jar\3.9.9\org\springframework\spring-core\5.3.15\spring-core-5.3.15.jar;E:\Maven-Jar\3.9.9\org\springframework\spring-jcl\5.3.15\spring-jcl-5.3.15.jar;E:\Maven-Jar\3.9.9\org\springframework\spring-tx\5.3.15\spring-tx-5.3.15.jar;E:\Maven-Jar\3.9.9\mysql\mysql-connector-java\8.0.28\mysql-connector-java-8.0.28.jar;E:\Maven-Jar\3.9.9\com\google\protobuf\protobuf-java\3.11.4\protobuf-java-3.11.4.jar;E:\Maven-Jar\3.9.9\org\projectlombok\lombok\1.18.26\lombok-1.18.26.jar;E:\Maven-Jar\3.9.9\jakarta\servlet\jakarta.servlet-api\6.1.0\jakarta.servlet-api-6.1.0.jar;E:\Maven-Jar\3.9.9\org\junit\jupiter\junit-jupiter-api\5.11.0-M2\junit-jupiter-api-5.11.0-M2.jar;E:\Maven-Jar\3.9.9\org\opentest4j\opentest4j\1.3.0\opentest4j-1.3.0.jar;E:\Maven-Jar\3.9.9\org\junit\platform\junit-platform-commons\1.11.0-M2\junit-platform-commons-1.11.0-M2.jar;E:\Maven-Jar\3.9.9\org\apiguardian\apiguardian-api\1.1.2\apiguardian-api-1.1.2.jar;E:\Maven-Jar\3.9.9\org\junit\jupiter\junit-jupiter-engine\5.11.0-M2\junit-jupiter-engine-5.11.0-M2.jar;E:\Maven-Jar\3.9.9\org\junit\platform\junit-platform-engine\1.11.0-M2\junit-platform-engine-1.11.0-M2.jar;"/>
    <property name="sun.cpu.endian" value="little"/>
    <property name="user.home" value="C:\Users\Hazel"/>
    <property name="user.language" value="zh"/>
    <property name="java.specification.vendor" value="Oracle Corporation"/>
    <property name="java.version.date" value="2024-07-16"/>
    <property name="java.home" value="D:\JDK\jdk-17"/>
    <property name="file.separator" value="\"/>
    <property name="basedir" value="E:\Farm_Java\javaweb_learning\book-online"/>
    <property name="java.vm.compressedOopsMode" value="Zero based"/>
    <property name="line.separator" value="&#10;"/>
    <property name="java.vm.specification.vendor" value="Oracle Corporation"/>
    <property name="java.specification.name" value="Java Platform API Specification"/>
    <property name="surefire.real.class.path" value="C:\Users\Hazel\AppData\Local\Temp\surefire5307744556071409830\surefirebooter-20241101203541737_3.jar"/>
    <property name="user.script" value=""/>
    <property name="sun.management.compiler" value="HotSpot 64-Bit Tiered Compilers"/>
    <property name="java.runtime.version" value="17.0.12+8-LTS-286"/>
    <property name="user.name" value="Hazel"/>
    <property name="path.separator" value=";"/>
    <property name="os.version" value="10.0"/>
    <property name="java.runtime.name" value="Java(TM) SE Runtime Environment"/>
    <property name="file.encoding" value="GBK"/>
    <property name="java.vm.name" value="Java HotSpot(TM) 64-Bit Server VM"/>
    <property name="localRepository" value="E:\Maven-Jar\3.9.9"/>
    <property name="java.vendor.url.bug" value="https://bugreport.java.com/bugreport/"/>
    <property name="java.io.tmpdir" value="C:\Users\Hazel\AppData\Local\Temp\"/>
    <property name="idea.version" value="2024.2.4"/>
    <property name="java.version" value="17.0.12"/>
    <property name="user.dir" value="E:\Farm_Java\javaweb_learning\book-online"/>
    <property name="os.arch" value="amd64"/>
    <property name="java.vm.specification.name" value="Java Virtual Machine Specification"/>
    <property name="sun.os.patch.level" value=""/>
    <property name="native.encoding" value="GBK"/>
    <property name="java.library.path" value="D:\JDK\jdk-17\bin;C:\WINDOWS\Sun\Java\bin;C:\WINDOWS\system32;C:\WINDOWS;C:\Program Files\Common Files\Oracle\Java\javapath;C:\Windows\system32;C:\Windows;C:\Windows\System32\Wbem;C:\Windows\System32\WindowsPowerShell\v1.0\;C:\Windows\System32\OpenSSH\;C:\Program Files (x86)\NVIDIA Corporation\PhysX\Common;C:\WINDOWS\system32;C:\WINDOWS;C:\WINDOWS\System32\Wbem;C:\WINDOWS\System32\WindowsPowerShell\v1.0\;C:\WINDOWS\System32\OpenSSH\;%JAVA_HOME\bin;D:\Maven\apache-maven-3.9.9\bin;D:\TomCat\apache-tomcat-10.1.30\bin;C:\Program Files\NVIDIA Corporation\NVIDIA NvDLISR;D:\Nodejs\;D:\Git\cmd;C:\Users\Hazel\AppData\Local\Microsoft\WindowsApps;C:\Users\Hazel\AppData\Roaming\npm;D:\Nodejs\node_global;D:\Microsoft VS Code\bin;."/>
    <property name="java.vm.info" value="mixed mode, sharing"/>
    <property name="java.vendor" value="Oracle Corporation"/>
    <property name="java.vm.version" value="17.0.12+8-LTS-286"/>
    <property name="sun.io.unicode.encoding" value="UnicodeLittle"/>
    <property name="maven.repo.local" value="E:\Maven-Jar\3.9.9"/>
    <property name="java.class.version" value="61.0"/>
  </properties>
  <testcase name="insertUser" classname="top.soft.bookonline.dao.UserDaoTest" time="0.011"/>
</testsuite>